<?xml version="1.0" encoding="UTF-8"?>
<!-- Generated by org.testng.reporters.JUnitReportReporter -->
<testsuite skipped="0" hostname="Gamzes-MacBook-Air.local" name="com.syntax.testcases.TestCumcumber" tests="1" failures="0" timestamp="18 Jun 2019 17:33:16 GMT" time="9.980" errors="0">
  <testcase name="loginToOrangeHRM" time="9.980" classname="com.syntax.testcases.TestCumcumber"/>
</testsuite> <!-- com.syntax.testcases.TestCumcumber -->
